2021-06-06 19:14:47.560  INFO 6650 --- [main] br.com.drummond.FundosApplication        : Starting FundosApplication using Java 1.8.0_241 on notedell with PID 6650 (/home/guilherme/eclipse-workspace/fundo2/target/classes started by guilherme in /home/guilherme/eclipse-workspace/fundo2)
2021-06-06 19:14:47.568  INFO 6650 --- [main] br.com.drummond.FundosApplication        : The following profiles are active: dev
2021-06-06 19:14:49.953  INFO 6650 --- [main] .s.d.r.c.RepositoryConfigurationDelegate : Bootstrapping Spring Data JPA repositories in DEFAULT mode.
2021-06-06 19:14:50.117  INFO 6650 --- [main] .s.d.r.c.RepositoryConfigurationDelegate : Finished Spring Data repository scanning in 126 ms. Found 2 JPA repository interfaces.
2021-06-06 19:14:51.281  INFO 6650 --- [main] o.s.b.w.embedded.tomcat.TomcatWebServer  : Tomcat initialized with port(s): 8181 (http)
2021-06-06 19:14:51.296  INFO 6650 --- [main] o.apache.catalina.core.StandardService   : Starting service [Tomcat]
2021-06-06 19:14:51.297  INFO 6650 --- [main] org.apache.catalina.core.StandardEngine  : Starting Servlet engine: [Apache Tomcat/9.0.45]
2021-06-06 19:14:51.451  INFO 6650 --- [main] o.a.c.c.C.[.[localhost].[/fundos]        : Initializing Spring embedded WebApplicationContext
2021-06-06 19:14:51.451  INFO 6650 --- [main] w.s.c.ServletWebServerApplicationContext : Root WebApplicationContext: initialization completed in 3500 ms
2021-06-06 19:14:52.287  INFO 6650 --- [main] o.hibernate.jpa.internal.util.LogHelper  : HHH000204: Processing PersistenceUnitInfo [name: default]
2021-06-06 19:14:52.639  INFO 6650 --- [main] org.hibernate.Version                    : HHH000412: Hibernate ORM core version 5.4.30.Final
2021-06-06 19:14:53.418  INFO 6650 --- [main] o.hibernate.annotations.common.Version   : HCANN000001: Hibernate Commons Annotations {5.1.2.Final}
2021-06-06 19:14:53.720  INFO 6650 --- [main] com.zaxxer.hikari.HikariDataSource       : HikariPool-1 - Starting...
2021-06-06 19:14:54.217  INFO 6650 --- [main] com.zaxxer.hikari.HikariDataSource       : HikariPool-1 - Start completed.
2021-06-06 19:14:54.313  INFO 6650 --- [main] org.hibernate.dialect.Dialect            : HHH000400: Using dialect: org.hibernate.dialect.MySQL57Dialect
2021-06-06 19:14:55.663  INFO 6650 --- [main] o.h.e.t.j.p.i.JtaPlatformInitiator       : HHH000490: Using JtaPlatform implementation: [org.hibernate.engine.transaction.jta.platform.internal.NoJtaPlatform]
2021-06-06 19:14:55.688  INFO 6650 --- [main] j.LocalContainerEntityManagerFactoryBean : Initialized JPA EntityManagerFactory for persistence unit 'default'
2021-06-06 19:14:56.670  WARN 6650 --- [main] JpaBaseConfiguration$JpaWebConfiguration : spring.jpa.open-in-view is enabled by default. Therefore, database queries may be performed during view rendering. Explicitly configure spring.jpa.open-in-view to disable this warning
2021-06-06 19:14:56.910  INFO 6650 --- [main] o.s.s.concurrent.ThreadPoolTaskExecutor  : Initializing ExecutorService 'applicationTaskExecutor'
2021-06-06 19:14:57.500  INFO 6650 --- [main] o.s.b.w.embedded.tomcat.TomcatWebServer  : Tomcat started on port(s): 8181 (http) with context path '/fundos'
2021-06-06 19:14:57.535  INFO 6650 --- [main] br.com.drummond.FundosApplication        : Started FundosApplication in 11.287 seconds (JVM running for 13.992)
2021-06-06 19:50:29.304  INFO 6650 --- [http-nio-8181-exec-1] o.a.c.c.C.[.[localhost].[/fundos]        : Initializing Spring DispatcherServlet 'dispatcherServlet'
2021-06-06 19:50:29.305  INFO 6650 --- [http-nio-8181-exec-1] o.s.web.servlet.DispatcherServlet        : Initializing Servlet 'dispatcherServlet'
2021-06-06 19:50:29.307  INFO 6650 --- [http-nio-8181-exec-1] o.s.web.servlet.DispatcherServlet        : Completed initialization in 1 ms
2021-06-06 20:03:01.614  INFO 6650 --- [RMI TCP Connection(53)-127.0.0.1] inMXBeanRegistrar$SpringApplicationAdmin : Application shutdown requested.
2021-06-06 20:03:01.680  INFO 6650 --- [RMI TCP Connection(53)-127.0.0.1] o.s.s.concurrent.ThreadPoolTaskExecutor  : Shutting down ExecutorService 'applicationTaskExecutor'
2021-06-06 20:03:01.688  INFO 6650 --- [RMI TCP Connection(53)-127.0.0.1] j.LocalContainerEntityManagerFactoryBean : Closing JPA EntityManagerFactory for persistence unit 'default'
2021-06-06 20:03:01.706  INFO 6650 --- [RMI TCP Connection(53)-127.0.0.1] com.zaxxer.hikari.HikariDataSource       : HikariPool-1 - Shutdown initiated...
2021-06-06 20:03:01.724  INFO 6650 --- [RMI TCP Connection(53)-127.0.0.1] com.zaxxer.hikari.HikariDataSource       : HikariPool-1 - Shutdown completed.
2021-06-06 20:03:13.308  INFO 10542 --- [main] br.com.drummond.FundosApplication        : Starting FundosApplication using Java 1.8.0_241 on notedell with PID 10542 (/home/guilherme/eclipse-workspace/fundo2/target/classes started by guilherme in /home/guilherme/eclipse-workspace/fundo2)
2021-06-06 20:03:13.315  INFO 10542 --- [main] br.com.drummond.FundosApplication        : The following profiles are active: dev
2021-06-06 20:03:14.497  INFO 10542 --- [main] .s.d.r.c.RepositoryConfigurationDelegate : Bootstrapping Spring Data JPA repositories in DEFAULT mode.
2021-06-06 20:03:14.592  INFO 10542 --- [main] .s.d.r.c.RepositoryConfigurationDelegate : Finished Spring Data repository scanning in 79 ms. Found 2 JPA repository interfaces.
2021-06-06 20:03:15.508  INFO 10542 --- [main] o.s.b.w.embedded.tomcat.TomcatWebServer  : Tomcat initialized with port(s): 8181 (http)
2021-06-06 20:03:15.526  INFO 10542 --- [main] o.apache.catalina.core.StandardService   : Starting service [Tomcat]
2021-06-06 20:03:15.526  INFO 10542 --- [main] org.apache.catalina.core.StandardEngine  : Starting Servlet engine: [Apache Tomcat/9.0.45]
2021-06-06 20:03:15.629  INFO 10542 --- [main] o.a.c.c.C.[.[localhost].[/fundos]        : Initializing Spring embedded WebApplicationContext
2021-06-06 20:03:15.629  INFO 10542 --- [main] w.s.c.ServletWebServerApplicationContext : Root WebApplicationContext: initialization completed in 2192 ms
2021-06-06 20:03:16.016  INFO 10542 --- [main] o.hibernate.jpa.internal.util.LogHelper  : HHH000204: Processing PersistenceUnitInfo [name: default]
2021-06-06 20:03:16.243  INFO 10542 --- [main] org.hibernate.Version                    : HHH000412: Hibernate ORM core version 5.4.30.Final
2021-06-06 20:03:16.538  INFO 10542 --- [main] o.hibernate.annotations.common.Version   : HCANN000001: Hibernate Commons Annotations {5.1.2.Final}
2021-06-06 20:03:16.757  INFO 10542 --- [main] com.zaxxer.hikari.HikariDataSource       : HikariPool-1 - Starting...
2021-06-06 20:03:17.086  INFO 10542 --- [main] com.zaxxer.hikari.HikariDataSource       : HikariPool-1 - Start completed.
2021-06-06 20:03:17.146  INFO 10542 --- [main] org.hibernate.dialect.Dialect            : HHH000400: Using dialect: org.hibernate.dialect.MySQL57Dialect
2021-06-06 20:03:18.324  INFO 10542 --- [main] o.h.e.t.j.p.i.JtaPlatformInitiator       : HHH000490: Using JtaPlatform implementation: [org.hibernate.engine.transaction.jta.platform.internal.NoJtaPlatform]
2021-06-06 20:03:18.344  INFO 10542 --- [main] j.LocalContainerEntityManagerFactoryBean : Initialized JPA EntityManagerFactory for persistence unit 'default'
2021-06-06 20:03:19.251  WARN 10542 --- [main] JpaBaseConfiguration$JpaWebConfiguration : spring.jpa.open-in-view is enabled by default. Therefore, database queries may be performed during view rendering. Explicitly configure spring.jpa.open-in-view to disable this warning
2021-06-06 20:03:19.438  INFO 10542 --- [main] o.s.s.concurrent.ThreadPoolTaskExecutor  : Initializing ExecutorService 'applicationTaskExecutor'
2021-06-06 20:03:19.837  INFO 10542 --- [main] o.s.b.w.embedded.tomcat.TomcatWebServer  : Tomcat started on port(s): 8181 (http) with context path '/fundos'
2021-06-06 20:03:19.856  INFO 10542 --- [main] br.com.drummond.FundosApplication        : Started FundosApplication in 7.588 seconds (JVM running for 9.491)
2021-06-06 20:03:37.289  INFO 10542 --- [http-nio-8181-exec-1] o.a.c.c.C.[.[localhost].[/fundos]        : Initializing Spring DispatcherServlet 'dispatcherServlet'
2021-06-06 20:03:37.289  INFO 10542 --- [http-nio-8181-exec-1] o.s.web.servlet.DispatcherServlet        : Initializing Servlet 'dispatcherServlet'
2021-06-06 20:03:37.291  INFO 10542 --- [http-nio-8181-exec-1] o.s.web.servlet.DispatcherServlet        : Completed initialization in 1 ms
